[02:38:20] [main/INFO]: Loading Minecraft 1.21.1 with Fabric Loader 0.16.3
[02:38:20] [main/INFO]: Loading 4 mods:
	- fabricloader 0.16.3
	   \-- mixinextras 0.4.1
	- java 21
	- minecraft 1.21.1
[02:38:20] [main/INFO]: SpongePowered MIXIN Subsystem Version=0.8.7 Source=file:/workspaces/server-game/servidor_minecraft/libraries/net/fabricmc/sponge-mixin/0.15.2+mixin.0.8.7/sponge-mixin-0.15.2+mixin.0.8.7.jar Service=Knot/Fabric Env=SERVER
[02:38:26] [main/INFO]: Environment: Environment[sessionHost=https://sessionserver.mojang.com, servicesHost=https://api.minecraftservices.com, name=PROD]
[02:38:26] [main/WARN]: Missing data pack mod_data
[02:38:27] [main/INFO]: Loaded 1290 recipes
[02:38:27] [main/INFO]: Loaded 1399 advancements
[02:38:28] [Server thread/INFO]: Starting minecraft server version 1.21.1
[02:38:28] [Server thread/INFO]: Loading properties
[02:38:28] [Server thread/INFO]: Default game type: SURVIVAL
[02:38:28] [Server thread/INFO]: Generating keypair
[02:38:28] [Server thread/INFO]: Starting Minecraft server on *:25565
[02:38:28] [Server thread/INFO]: Using epoll channel type
[02:38:28] [Server thread/WARN]: **** SERVER IS RUNNING IN OFFLINE/INSECURE MODE!
[02:38:28] [Server thread/WARN]: The server will make no attempt to authenticate usernames. Beware.
[02:38:28] [Server thread/WARN]: While this makes the game possible to play without internet access, it also opens up the ability for hackers to connect with any username they choose.
[02:38:28] [Server thread/WARN]: To change this, set "online-mode" to "true" in the server.properties file.
[02:38:28] [Server thread/INFO]: Preparing level "world"
[02:38:32] [Server thread/INFO]: Preparing start region for dimension minecraft:overworld
[02:38:33] [Worker-Main-2/INFO]: Preparing spawn area: 0%
[02:38:33] [Server thread/INFO]: Time elapsed: 443 ms
[02:38:33] [Server thread/INFO]: Done (4.609s)! For help, type "help"
[02:39:26] [Server thread/INFO]: Leuhan76[/127.130.134.186:50491] logged in with entity id 11 at (-14166.604352476064, 70.0, -14473.250411235937)
[02:39:26] [Server thread/INFO]: Leuhan76 joined the game
[02:39:27] [Server thread/WARN]: UUID of added entity already exists: class_1428['Chicken'/52, l='ServerLevel[world]', x=-14143.18, y=78.00, z=-14479.62]
[02:39:27] [Server thread/WARN]: UUID of added entity already exists: class_1420['Bat'/67, l='ServerLevel[world]', x=-14117.75, y=21.55, z=-14496.05]
[02:39:27] [Server thread/WARN]: UUID of added entity already exists: class_1439['Iron Golem'/137, l='ServerLevel[world]', x=-14191.67, y=63.00, z=-14389.91]
[02:39:28] [Server thread/WARN]: UUID of added entity already exists: class_1428['Chicken'/297, l='ServerLevel[world]', x=-14032.73, y=72.00, z=-14496.05]
[02:45:42] [Server thread/INFO]: Leuhan76 lost connection: Disconnected
[02:45:42] [Server thread/INFO]: Leuhan76 left the game
[02:45:59] [Server thread/INFO]: Stopping the server
[02:45:59] [Server thread/INFO]: Stopping server
[02:45:59] [Server thread/INFO]: Saving players
[02:45:59] [Server thread/INFO]: Saving worlds
[02:45:59] [Server thread/INFO]: Saving chunks for level 'ServerLevel[world]'/minecraft:overworld
[02:45:59] [Server thread/INFO]: Saving chunks for level 'ServerLevel[world]'/minecraft:the_nether
[02:45:59] [Server thread/INFO]: Saving chunks for level 'ServerLevel[world]'/minecraft:the_end
[02:45:59] [Server thread/INFO]: ThreadedAnvilChunkStorage (world): All chunks are saved
[02:45:59] [Server thread/INFO]: ThreadedAnvilChunkStorage (DIM-1): All chunks are saved
[02:45:59] [Server thread/INFO]: ThreadedAnvilChunkStorage (DIM1): All chunks are saved
[02:45:59] [Server thread/INFO]: ThreadedAnvilChunkStorage: All dimensions are saved
